<?xml version="1.0" encoding="UTF-8"?>
<!-- Generated by org.testng.reporters.JUnitReportReporter -->
<testsuite hostname="DESKTOP-P8GCRLI" failures="0" tests="3" name="Tests.Gurutest" time="29.025" errors="0" timestamp="2024-05-24T10:01:51 IST" skipped="0">
  <testcase classname="Tests.Gurutest" name="Openapp" time="23.698"/>
  <testcase classname="Tests.Gurutest" name="Login" time="4.068"/>
  <testcase classname="Tests.Gurutest" name="Closeapp" time="1.259"/>
</testsuite> <!-- Tests.Gurutest -->
